<?xml version="1.0" encoding="UTF-8"?>
<!-- Generated by org.testng.reporters.JUnitReportReporter -->
<testsuite hostname="Ajayas-iMac.modem" failures="0" tests="1" name="iosmobiletesting.UIcatalogTest" time="90.952" errors="0" timestamp="2021-02-06T11:13:23 AEDT" skipped="0">
  <testcase classname="iosmobiletesting.UIcatalogTest" name="uiCatalogScrollTest" time="90.952"/>
  <system-out/>
</testsuite> <!-- iosmobiletesting.UIcatalogTest -->
