<?xml version="1.0" encoding="UTF-8"?>
<!-- Generated by org.testng.reporters.JUnitReportReporter -->
<testsuite hostname="Ajayas-iMac.modem" failures="0" tests="1" name="iosmobiletesting.IosAppTest" time="79.337" errors="0" timestamp="2021-02-02T12:07:52 AEDT" skipped="0">
  <testcase classname="iosmobiletesting.IosAppTest" name="touchEventTest" time="79.337"/>
  <system-out/>
</testsuite> <!-- iosmobiletesting.IosAppTest -->
