<?xml version="1.0" encoding="UTF-8"?>
<!-- Generated by org.testng.reporters.JUnitReportReporter -->
<testsuite hostname="Ajayas-iMac.modem" failures="0" tests="1" name="iosmobiletesting.SafariBrowser" time="54.576" errors="0" timestamp="2021-02-06T12:25:43 AEDT" skipped="0">
  <testcase classname="iosmobiletesting.SafariBrowser" name="safariBrowserTest" time="54.576"/>
  <system-out/>
</testsuite> <!-- iosmobiletesting.SafariBrowser -->
